#
# A fatal error has been detected by the Java Runtime Environment:
#
#  SIGBUS (0x7) at pc=0xb76920c4, pid=9482, tid=3064077168
#
# JRE version: 6.0_20-b20
# Java VM: OpenJDK Server VM (19.0-b09 mixed mode linux-x86 )
# Derivative: IcedTea6 1.9.13
# Distribution: Ubuntu 10.04.1 LTS, package 6b20-1.9.13-0ubuntu1~10.04.1
# Problematic frame:
# C  [libc.so.6+0x10f0c4]
#
# If you would like to submit a bug report, please include
# instructions how to reproduce the bug and visit:
#   https://bugs.launchpad.net/ubuntu/+source/openjdk-6/
#

---------------  T H R E A D  ---------------

Current thread is native thread

siginfo:si_signo=SIGBUS: si_errno=0, si_code=2 (BUS_ADRERR), si_addr=0xb6932000

Registers:
EAX=0x00000000, EBX=0xb76d7ff4, ECX=0x00007f80, EDX=0xb6932000
ESP=0xb6a21058, EBP=0xb6a21118, ESI=0x00008000, EDI=0xb6932000
EIP=0xb76920c4, CR2=0xb6932000, EFLAGS=0x00010202

Register to memory mapping:

EAX=0x00000000
